<?xml version="1.0" encoding="UTF-8"?>
<!-- Generated by org.testng.reporters.JUnitReportReporter -->
<testsuite hostname="Simona" failures="0" tests="1" name="curs20.FindElementsExample" time="0.129" errors="0" timestamp="2024-05-14T16:05:53 EEST" skipped="0">
  <testcase classname="curs20.FindElementsExample" name="testFindElements" time="0.129"/>
  <system-out/>
</testsuite> <!-- curs20.FindElementsExample -->
