<?xml version="1.0" encoding="UTF-8"?>
<!-- Generated by org.testng.reporters.JUnitReportReporter -->
<testsuite hostname="Simona" failures="0" tests="1" name="curs20.RelativeLocators" time="2.935" errors="0" timestamp="2024-05-14T16:10:03 EEST" skipped="0">
  <testcase classname="curs20.RelativeLocators" name="relativeLocatorsExample" time="2.935"/>
  <system-out/>
</testsuite> <!-- curs20.RelativeLocators -->
