<?xml version="1.0" encoding="UTF-8"?>
<!-- Generated by org.testng.reporters.JUnitReportReporter -->
<testsuite hostname="Simona" failures="0" tests="8" name="curs19.SeleniumLocators" time="8.316" errors="0" timestamp="2024-05-10T16:53:43 EEST" skipped="0">
  <testcase classname="curs19.SeleniumLocators" name="tagNameLocator" time="0.145"/>
  <system-out/>
  <testcase classname="curs19.SeleniumLocators" name="linkTextLocator" time="1.370"/>
  <system-out/>
  <testcase classname="curs19.SeleniumLocators" name="partialLinkTextLocator" time="2.035"/>
  <system-out/>
  <testcase classname="curs19.SeleniumLocators" name="classNameLocator" time="0.112"/>
  <system-out/>
  <testcase classname="curs19.SeleniumLocators" name="idLocator" time="0.723"/>
  <system-out/>
  <testcase classname="curs19.SeleniumLocators" name="nameLocator" time="3.556"/>
  <system-out/>
  <testcase classname="curs19.SeleniumLocators" name="cssSelectorLocator" time="0.133"/>
  <system-out/>
  <testcase classname="curs19.SeleniumLocators" name="xpathLocator" time="0.242"/>
  <system-out/>
</testsuite> <!-- curs19.SeleniumLocators -->
