<?xml version="1.0" encoding="UTF-8"?>
<!-- Generated by org.testng.reporters.JUnitReportReporter -->
<testsuite hostname="Simona" failures="0" tests="1" name="curs17.OpenBrowser" time="20.970" errors="0" timestamp="2024-05-08T15:58:50 EEST" skipped="0">
  <testcase classname="curs17.OpenBrowser" name="openBrowser" time="20.970"/>
  <system-out/>
</testsuite> <!-- curs17.OpenBrowser -->
