<?xml version="1.0" encoding="UTF-8"?>
<!-- Generated by org.testng.reporters.JUnitReportReporter -->
<testsuite hostname="Simona" failures="0" tests="1" name="curs21.IsSelected" time="6.021" errors="0" timestamp="2024-05-14T16:39:24 EEST" skipped="0">
  <testcase classname="curs21.IsSelected" name="isSelectedTest" time="6.021"/>
  <system-out/>
</testsuite> <!-- curs21.IsSelected -->
